INFO  [AWT-EventQueue-0] 2015-04-09 15:22:25,365 repast.simphony.batch.gui.BatchConfigMediator - Writing batch run config file to: /home/local/VANDERBILT/zhangh24/code-release/solarPanelAdoption/output/config.props
INFO  [AWT-EventQueue-0] 2015-04-09 15:22:25,445 repast.simphony.batch.gui.BatchConfigMediator - Unrolling batch parameter file:
	/home/local/VANDERBILT/zhangh24/code-release/solarPanelAdoption/batch/batch_params_lsr.xml to
	/tmp/unrolledParamFile.txt
INFO  [SwingWorker-pool-1-thread-1] 2015-04-09 15:22:31,956 repast.simphony.batch.ssh.LocalSession - 
	Copying locally /tmp/zhangh24_localhost68763123336395999.zip to 
/tmp/simphony_model_1428610949747 ...
INFO  [SwingWorker-pool-1-thread-1] 2015-04-09 15:22:31,989 repast.simphony.batch.ssh.LocalSession - Copying Finished.
INFO  [SwingWorker-pool-1-thread-1] 2015-04-09 15:22:31,990 repast.simphony.batch.ssh.SessionsDriver - Initialization Time: 0.0374
INFO  [SwingWorker-pool-1-thread-1] 2015-04-09 15:22:31,990 repast.simphony.batch.ssh.LocalSession - Unzipping model /tmp/simphony_model_1428610949747/zhangh24_localhost68763123336395999.zip
INFO  [SwingWorker-pool-1-thread-1] 2015-04-09 15:22:32,319 repast.simphony.batch.ssh.LocalSession - Running model on localhost ...
INFO  [Thread-1] 2015-04-09 15:22:40,373 repast.simphony.batch.ssh.LocalSession - ERROR [main] 15:22:40,371 repast.simphony.batch.InstanceRunner - Error while running model
INFO  [Thread-1] 2015-04-09 15:22:40,373 repast.simphony.batch.ssh.LocalSession - java.lang.ArrayIndexOutOfBoundsException: 1
INFO  [Thread-1] 2015-04-09 15:22:40,373 repast.simphony.batch.ssh.LocalSession - 	at repast.simphony.batch.parameter.ParameterLineParser.parse(ParameterLineParser.java:55)
INFO  [Thread-1] 2015-04-09 15:22:40,374 repast.simphony.batch.ssh.LocalSession - 	at repast.simphony.batch.InstanceRunner.run(InstanceRunner.java:109)
INFO  [Thread-1] 2015-04-09 15:22:40,374 repast.simphony.batch.ssh.LocalSession - 	at repast.simphony.batch.InstanceRunner.main(InstanceRunner.java:131)
INFO  [pool-2-thread-1] 2015-04-09 15:23:32,323 repast.simphony.batch.ssh.LocalDonePoller - Polled /tmp/simphony_model_1428610949747 for DONE:  yes
INFO  [SwingWorker-pool-1-thread-1] 2015-04-09 15:23:32,324 repast.simphony.batch.ssh.SessionsDriver - Run Time: 1.0056
INFO  [SwingWorker-pool-1-thread-1] 2015-04-09 15:23:32,331 repast.simphony.batch.ssh.LocalSession - Finding output on localhost in /tmp/simphony_model_1428610949747
WARN  [SwingWorker-pool-1-thread-1] 2015-04-09 15:23:32,332 repast.simphony.batch.ssh.RemoteOutputFinderCopier - No model output found in /tmp/simphony_model_1428610949747/instance_1
ERROR [SwingWorker-pool-1-thread-1] 2015-04-09 15:23:32,336 repast.simphony.batch.ssh.SessionsDriver - Error while aggregating remote output
java.io.IOException: Output files are missing
	at repast.simphony.batch.ssh.OutputAggregator.run(OutputAggregator.java:79)
	at repast.simphony.batch.ssh.SessionsDriver.concatenateOutput(SessionsDriver.java:165)
	at repast.simphony.batch.ssh.SessionsDriver.run(SessionsDriver.java:74)
	at repast.simphony.batch.gui.BatchConfigMediator$AntSessionRunner.doInBackground(BatchConfigMediator.java:445)
	at repast.simphony.batch.gui.BatchConfigMediator$AntSessionRunner.doInBackground(BatchConfigMediator.java:1)
	at javax.swing.SwingWorker$1.call(SwingWorker.java:296)
	at java.util.concurrent.FutureTask.run(FutureTask.java:262)
	at javax.swing.SwingWorker.run(SwingWorker.java:335)
	at java.util.concurrent.ThreadPoolExecutor.runWorker(ThreadPoolExecutor.java:1145)
	at java.util.concurrent.ThreadPoolExecutor$Worker.run(ThreadPoolExecutor.java:615)
	at java.lang.Thread.run(Thread.java:744)
ERROR [AWT-EventQueue-0] 2015-04-09 16:58:34,621 repast.simphony.space.gis.ShapefileLoader - Error opening shapefile 'FILE:/HOME/LOCAL/VANDERBILT/ZHANGH24/CODE-RELEASE/SOLARPANELADOPTION/DATA/AGENTS/AGENTSIN92126_SYN.SHP'
java.io.FileNotFoundException: /home/local/VANDERBILT/zhangh24/code-release/solarPanelAdoption/data/agents/agentsIn92126_syn.shp (No such file or directory)
	at java.io.RandomAccessFile.open(Native Method)
	at java.io.RandomAccessFile.<init>(RandomAccessFile.java:241)
	at org.geotools.data.shapefile.ShpFiles.getReadChannel(ShpFiles.java:831)
	at org.geotools.data.shapefile.shp.ShapefileReader.<init>(ShapefileReader.java:240)
	at org.geotools.data.shapefile.ShapefileDataStore.openShapeReader(ShapefileDataStore.java:599)
	at org.geotools.data.shapefile.ShapefileDataStore.readAttributes(ShapefileDataStore.java:826)
	at org.geotools.data.shapefile.ShapefileDataStore.getSchema(ShapefileDataStore.java:784)
	at org.geotools.data.shapefile.ShapefileDataStore.getSchema(ShapefileDataStore.java:778)
	at repast.simphony.space.gis.ShapefileLoader.<init>(ShapefileLoader.java:90)
	at solarPanelAdoption.solarPanelAdoptionBuilder.build(solarPanelAdoptionBuilder.java:160)
	at repast.simphony.dataLoader.engine.ClassNameContextBuilder.build(ClassNameContextBuilder.java:41)
	at repast.simphony.dataLoader.engine.DataLoaderControllerAction.runInitialize(DataLoaderControllerAction.java:48)
	at repast.simphony.engine.controller.DefaultController$2.visit(DefaultController.java:214)
	at repast.simphony.engine.controller.DefaultController$2.visit(DefaultController.java:1)
	at repast.simphony.util.collections.NaryTree.preOrderTraverals(NaryTree.java:287)
	at repast.simphony.util.collections.NaryTree.preOrderTraverals(NaryTree.java:290)
	at repast.simphony.util.collections.NaryTree.preOrderTraverals(NaryTree.java:290)
	at repast.simphony.util.collections.NaryTree.preOrderTraversal(NaryTree.java:283)
	at repast.simphony.engine.controller.DefaultController.runInitialize(DefaultController.java:212)
	at repast.simphony.engine.controller.DefaultController.runInitialize(DefaultController.java:383)
	at repast.simphony.ui.RSApplication.initSim(RSApplication.java:162)
	at repast.simphony.ui.action.InitRun.actionPerformed(InitRun.java:17)
	at javax.swing.AbstractButton.fireActionPerformed(AbstractButton.java:2018)
	at javax.swing.AbstractButton$Handler.actionPerformed(AbstractButton.java:2341)
	at javax.swing.DefaultButtonModel.fireActionPerformed(DefaultButtonModel.java:402)
	at javax.swing.DefaultButtonModel.setPressed(DefaultButtonModel.java:259)
	at javax.swing.plaf.basic.BasicButtonListener.mouseReleased(BasicButtonListener.java:252)
	at java.awt.AWTEventMulticaster.mouseReleased(AWTEventMulticaster.java:289)
	at java.awt.Component.processMouseEvent(Component.java:6505)
	at javax.swing.JComponent.processMouseEvent(JComponent.java:3320)
	at java.awt.Component.processEvent(Component.java:6270)
	at java.awt.Container.processEvent(Container.java:2229)
	at java.awt.Component.dispatchEventImpl(Component.java:4861)
	at java.awt.Container.dispatchEventImpl(Container.java:2287)
	at java.awt.Component.dispatchEvent(Component.java:4687)
	at java.awt.LightweightDispatcher.retargetMouseEvent(Container.java:4832)
	at java.awt.LightweightDispatcher.processMouseEvent(Container.java:4492)
	at java.awt.LightweightDispatcher.dispatchEvent(Container.java:4422)
	at java.awt.Container.dispatchEventImpl(Container.java:2273)
	at java.awt.Window.dispatchEventImpl(Window.java:2719)
	at java.awt.Component.dispatchEvent(Component.java:4687)
	at java.awt.EventQueue.dispatchEventImpl(EventQueue.java:735)
	at java.awt.EventQueue.access$200(EventQueue.java:103)
	at java.awt.EventQueue$3.run(EventQueue.java:694)
	at java.awt.EventQueue$3.run(EventQueue.java:692)
	at java.security.AccessController.doPrivileged(Native Method)
	at java.security.ProtectionDomain$1.doIntersectionPrivilege(ProtectionDomain.java:76)
	at java.security.ProtectionDomain$1.doIntersectionPrivilege(ProtectionDomain.java:87)
	at java.awt.EventQueue$4.run(EventQueue.java:708)
	at java.awt.EventQueue$4.run(EventQueue.java:706)
	at java.security.AccessController.doPrivileged(Native Method)
	at java.security.ProtectionDomain$1.doIntersectionPrivilege(ProtectionDomain.java:76)
	at java.awt.EventQueue.dispatchEvent(EventQueue.java:705)
	at java.awt.EventDispatchThread.pumpOneEventForFilters(EventDispatchThread.java:242)
	at java.awt.EventDispatchThread.pumpEventsForFilter(EventDispatchThread.java:161)
	at java.awt.EventDispatchThread.pumpEventsForHierarchy(EventDispatchThread.java:150)
	at java.awt.EventDispatchThread.pumpEvents(EventDispatchThread.java:146)
	at java.awt.EventDispatchThread.pumpEvents(EventDispatchThread.java:138)
	at java.awt.EventDispatchThread.run(EventDispatchThread.java:91)
ERROR [AWT-EventQueue-0] 2015-04-09 16:58:34,625 repast.simphony.ui.RSApplication - Error while initializing simulation
java.lang.NullPointerException
	at repast.simphony.space.gis.ShapefileLoader.hasNext(ShapefileLoader.java:261)
	at repast.simphony.space.gis.ShapefileLoader.load(ShapefileLoader.java:146)
	at solarPanelAdoption.solarPanelAdoptionBuilder.build(solarPanelAdoptionBuilder.java:161)
	at repast.simphony.dataLoader.engine.ClassNameContextBuilder.build(ClassNameContextBuilder.java:41)
	at repast.simphony.dataLoader.engine.DataLoaderControllerAction.runInitialize(DataLoaderControllerAction.java:48)
	at repast.simphony.engine.controller.DefaultController$2.visit(DefaultController.java:214)
	at repast.simphony.engine.controller.DefaultController$2.visit(DefaultController.java:1)
	at repast.simphony.util.collections.NaryTree.preOrderTraverals(NaryTree.java:287)
	at repast.simphony.util.collections.NaryTree.preOrderTraverals(NaryTree.java:290)
	at repast.simphony.util.collections.NaryTree.preOrderTraverals(NaryTree.java:290)
	at repast.simphony.util.collections.NaryTree.preOrderTraversal(NaryTree.java:283)
	at repast.simphony.engine.controller.DefaultController.runInitialize(DefaultController.java:212)
	at repast.simphony.engine.controller.DefaultController.runInitialize(DefaultController.java:383)
	at repast.simphony.ui.RSApplication.initSim(RSApplication.java:162)
	at repast.simphony.ui.action.InitRun.actionPerformed(InitRun.java:17)
	at javax.swing.AbstractButton.fireActionPerformed(AbstractButton.java:2018)
	at javax.swing.AbstractButton$Handler.actionPerformed(AbstractButton.java:2341)
	at javax.swing.DefaultButtonModel.fireActionPerformed(DefaultButtonModel.java:402)
	at javax.swing.DefaultButtonModel.setPressed(DefaultButtonModel.java:259)
	at javax.swing.plaf.basic.BasicButtonListener.mouseReleased(BasicButtonListener.java:252)
	at java.awt.AWTEventMulticaster.mouseReleased(AWTEventMulticaster.java:289)
	at java.awt.Component.processMouseEvent(Component.java:6505)
	at javax.swing.JComponent.processMouseEvent(JComponent.java:3320)
	at java.awt.Component.processEvent(Component.java:6270)
	at java.awt.Container.processEvent(Container.java:2229)
	at java.awt.Component.dispatchEventImpl(Component.java:4861)
	at java.awt.Container.dispatchEventImpl(Container.java:2287)
	at java.awt.Component.dispatchEvent(Component.java:4687)
	at java.awt.LightweightDispatcher.retargetMouseEvent(Container.java:4832)
	at java.awt.LightweightDispatcher.processMouseEvent(Container.java:4492)
	at java.awt.LightweightDispatcher.dispatchEvent(Container.java:4422)
	at java.awt.Container.dispatchEventImpl(Container.java:2273)
	at java.awt.Window.dispatchEventImpl(Window.java:2719)
	at java.awt.Component.dispatchEvent(Component.java:4687)
	at java.awt.EventQueue.dispatchEventImpl(EventQueue.java:735)
	at java.awt.EventQueue.access$200(EventQueue.java:103)
	at java.awt.EventQueue$3.run(EventQueue.java:694)
	at java.awt.EventQueue$3.run(EventQueue.java:692)
	at java.security.AccessController.doPrivileged(Native Method)
	at java.security.ProtectionDomain$1.doIntersectionPrivilege(ProtectionDomain.java:76)
	at java.security.ProtectionDomain$1.doIntersectionPrivilege(ProtectionDomain.java:87)
	at java.awt.EventQueue$4.run(EventQueue.java:708)
	at java.awt.EventQueue$4.run(EventQueue.java:706)
	at java.security.AccessController.doPrivileged(Native Method)
	at java.security.ProtectionDomain$1.doIntersectionPrivilege(ProtectionDomain.java:76)
	at java.awt.EventQueue.dispatchEvent(EventQueue.java:705)
	at java.awt.EventDispatchThread.pumpOneEventForFilters(EventDispatchThread.java:242)
	at java.awt.EventDispatchThread.pumpEventsForFilter(EventDispatchThread.java:161)
	at java.awt.EventDispatchThread.pumpEventsForHierarchy(EventDispatchThread.java:150)
	at java.awt.EventDispatchThread.pumpEvents(EventDispatchThread.java:146)
	at java.awt.EventDispatchThread.pumpEvents(EventDispatchThread.java:138)
	at java.awt.EventDispatchThread.run(EventDispatchThread.java:91)
FATAL [Thread-5] 2015-04-13 14:04:06,405 repast.simphony.ui.GUIScheduleRunner - RunTimeException when running the schedule
Current tick (22.0)
repast.simphony.data2.DataException: Error invoking method on object
	at repast.simphony.data2.MethodDataSource.get(MethodDataSource.java:99)
	at repast.simphony.data2.AggregateDSCreator$NumberCalculator.calcStats(AggregateDSCreator.java:32)
	at repast.simphony.data2.AggregateDSCreator$ADS.get(AggregateDSCreator.java:111)
	at repast.simphony.data2.AggregateDataSet.record(AggregateDataSet.java:80)
	at repast.simphony.data2.AbstractDataSetManager$ScheduledDataSet.execute(AbstractDataSetManager.java:119)
	at repast.simphony.engine.schedule.DefaultAction.execute(DefaultAction.java:38)
	at repast.simphony.engine.schedule.ScheduleGroup.executeList(ScheduleGroup.java:206)
	at repast.simphony.engine.schedule.ScheduleGroup.execute(ScheduleGroup.java:238)
	at repast.simphony.engine.schedule.Schedule.execute(Schedule.java:352)
	at repast.simphony.ui.GUIScheduleRunner$ScheduleLoopRunnable.run(GUIScheduleRunner.java:52)
	at java.lang.Thread.run(Thread.java:744)
Caused by: java.lang.reflect.InvocationTargetException
	at solarPanelAdoption.Updater$$FastClassByCGLIB$$fa9ca1f6.invoke(<generated>)
	at net.sf.cglib.reflect.FastMethod.invoke(FastMethod.java:53)
	at repast.simphony.data2.MethodDataSource.get(MethodDataSource.java:97)
	... 10 more
Caused by: java.lang.ArrayIndexOutOfBoundsException: 69
	at solarPanelAdoption.Updater.getRealPath(Updater.java:38)
	... 13 more
FATAL [Thread-5] 2015-04-13 14:09:08,241 repast.simphony.ui.GUIScheduleRunner - RunTimeException when running the schedule
Current tick (22.0)
repast.simphony.data2.DataException: Error invoking method on object
	at repast.simphony.data2.MethodDataSource.get(MethodDataSource.java:99)
	at repast.simphony.data2.AggregateDSCreator$NumberCalculator.calcStats(AggregateDSCreator.java:32)
	at repast.simphony.data2.AggregateDSCreator$ADS.get(AggregateDSCreator.java:111)
	at repast.simphony.data2.AggregateDataSet.record(AggregateDataSet.java:80)
	at repast.simphony.data2.AbstractDataSetManager$ScheduledDataSet.execute(AbstractDataSetManager.java:119)
	at repast.simphony.engine.schedule.DefaultAction.execute(DefaultAction.java:38)
	at repast.simphony.engine.schedule.ScheduleGroup.executeList(ScheduleGroup.java:206)
	at repast.simphony.engine.schedule.ScheduleGroup.execute(ScheduleGroup.java:238)
	at repast.simphony.engine.schedule.Schedule.execute(Schedule.java:352)
	at repast.simphony.ui.GUIScheduleRunner$ScheduleLoopRunnable.run(GUIScheduleRunner.java:52)
	at java.lang.Thread.run(Thread.java:744)
Caused by: java.lang.reflect.InvocationTargetException
	at solarPanelAdoption.Updater$$FastClassByCGLIB$$fa9ca1f6.invoke(<generated>)
	at net.sf.cglib.reflect.FastMethod.invoke(FastMethod.java:53)
	at repast.simphony.data2.MethodDataSource.get(MethodDataSource.java:97)
	... 10 more
Caused by: java.lang.ArrayIndexOutOfBoundsException: 69
	at solarPanelAdoption.Updater.getRealPath(Updater.java:38)
	... 13 more
